app/build/intermediates/manifest_merge_blame_file/release/manifest-merger-blame-release-report.txt
1<?xml version="1.0" encoding="utf-8"?>
2<manifest xmlns:android="http://schemas.android.com/apk/res/android"
3    package="com.hubmobile.app"
4    android:versionCode="10206"
5    android:versionName="V3" >
6
7    <uses-sdk
8        android:minSdkVersion="24"
9        android:targetSdkVersion="34" />
10
11    <uses-permission android:name="android.permission.INTERNET" />
11-->src/main/AndroidManifest.xml:4:5-67
11-->src/main/AndroidManifest.xml:4:22-64
12    <uses-permission android:name="android.permission.ACCESS_NETWORK_STATE" />
12-->src/main/AndroidManifest.xml:5:5-79
12-->src/main/AndroidManifest.xml:5:22-76
13    <uses-permission android:name="android.permission.VIBRATE" />
13-->src/main/AndroidManifest.xml:6:5-66
13-->src/main/AndroidManifest.xml:6:22-63
14    <uses-permission
14-->src/main/AndroidManifest.xml:7:5-8:38
15        android:name="android.permission.WRITE_EXTERNAL_STORAGE"
15-->src/main/AndroidManifest.xml:7:22-78
16        android:maxSdkVersion="28" />
16-->src/main/AndroidManifest.xml:8:9-35
17    <!-- 读取本地文件（上传文件到仓库 / 上传 Release 附件如 APK） -->
18    <uses-permission
18-->src/main/AndroidManifest.xml:10:5-11:38
19        android:name="android.permission.READ_EXTERNAL_STORAGE"
19-->src/main/AndroidManifest.xml:10:22-77
20        android:maxSdkVersion="32" />
20-->src/main/AndroidManifest.xml:11:9-35
21    <uses-permission android:name="android.permission.READ_MEDIA_IMAGES" />
21-->src/main/AndroidManifest.xml:12:5-76
21-->src/main/AndroidManifest.xml:12:22-73
22    <uses-permission android:name="android.permission.READ_MEDIA_VIDEO" />
22-->src/main/AndroidManifest.xml:13:5-75
22-->src/main/AndroidManifest.xml:13:22-72
23    <uses-permission android:name="android.permission.READ_MEDIA_AUDIO" />
23-->src/main/AndroidManifest.xml:14:5-75
23-->src/main/AndroidManifest.xml:14:22-72
24    <!-- 下载 APK（Actions 构建产物 / Release 资产）后直接拉起安装 -->
25    <uses-permission android:name="android.permission.REQUEST_INSTALL_PACKAGES" />
25-->src/main/AndroidManifest.xml:16:5-83
25-->src/main/AndroidManifest.xml:16:22-80
26
27    <application
27-->src/main/AndroidManifest.xml:18:5-59:19
28        android:allowBackup="true"
28-->src/main/AndroidManifest.xml:19:9-35
29        android:extractNativeLibs="false"
30        android:fullBackupContent="true"
30-->src/main/AndroidManifest.xml:20:9-41
31        android:hardwareAccelerated="true"
31-->src/main/AndroidManifest.xml:25:9-43
32        android:icon="@mipmap/ic_launcher"
32-->src/main/AndroidManifest.xml:21:9-43
33        android:label="@string/app_name"
33-->src/main/AndroidManifest.xml:22:9-41
34        android:roundIcon="@mipmap/ic_launcher_round"
34-->src/main/AndroidManifest.xml:23:9-54
35        android:supportsRtl="true"
35-->src/main/AndroidManifest.xml:24:9-35
36        android:theme="@style/AppTheme"
36-->src/main/AndroidManifest.xml:26:9-40
37        android:usesCleartextTraffic="false" >
37-->src/main/AndroidManifest.xml:27:9-45
38        <activity
38-->src/main/AndroidManifest.xml:29:9-40:20
39            android:name="com.hubmobile.app.MainActivity"
39-->src/main/AndroidManifest.xml:30:13-41
40            android:configChanges="orientation|screenSize|keyboardHidden|screenLayout|uiMode|density|fontScale"
40-->src/main/AndroidManifest.xml:32:13-112
41            android:exported="true"
41-->src/main/AndroidManifest.xml:31:13-36
42            android:launchMode="singleTop"
42-->src/main/AndroidManifest.xml:33:13-43
43            android:screenOrientation="portrait"
43-->src/main/AndroidManifest.xml:35:13-49
44            android:windowSoftInputMode="adjustPan|stateHidden" >
44-->src/main/AndroidManifest.xml:34:13-64
45            <intent-filter>
45-->src/main/AndroidManifest.xml:36:13-39:29
46                <action android:name="android.intent.action.MAIN" />
46-->src/main/AndroidManifest.xml:37:17-69
46-->src/main/AndroidManifest.xml:37:25-66
47
48                <category android:name="android.intent.category.LAUNCHER" />
48-->src/main/AndroidManifest.xml:38:17-77
48-->src/main/AndroidManifest.xml:38:27-74
49            </intent-filter>
50        </activity>
51
52        <!-- 应用内浏览器：用于打开 GitHub 网页（如创建访问令牌） -->
53        <activity
53-->src/main/AndroidManifest.xml:43:9-48:48
54            android:name="com.hubmobile.app.WebViewActivity"
54-->src/main/AndroidManifest.xml:44:13-44
55            android:configChanges="orientation|screenSize|keyboardHidden|screenLayout|uiMode|density|fontScale"
55-->src/main/AndroidManifest.xml:46:13-112
56            android:exported="false"
56-->src/main/AndroidManifest.xml:45:13-37
57            android:label="@string/app_name"
57-->src/main/AndroidManifest.xml:48:13-45
58            android:windowSoftInputMode="adjustResize|stateHidden" />
58-->src/main/AndroidManifest.xml:47:13-67
59
60        <!--
61          从构建产物 ZIP 里解压出的 APK 存在私有目录，
62          通过它授予系统安装器临时读权限（不引入 androidx 依赖）。
63        -->
64        <provider
65            android:name="com.hubmobile.app.ApkProvider"
65-->src/main/AndroidManifest.xml:55:13-40
66            android:authorities="com.hubmobile.app.apks"
66-->src/main/AndroidManifest.xml:56:13-56
67            android:exported="false"
67-->src/main/AndroidManifest.xml:57:13-37
68            android:grantUriPermissions="true" />
68-->src/main/AndroidManifest.xml:58:13-47
69    </application>
70
71</manifest>